0 info it worked if it ends with ok
1 verbose cli [ '/usr/local/bin/node', '/usr/local/bin/npm', 'publish' ]
2 info using npm@3.10.3
3 info using node@v6.5.0
4 verbose publish [ '.' ]
5 silly cache add args [ '.', null ]
6 verbose cache add spec .
7 silly cache add parsed spec Result {
7 silly cache add   raw: '.',
7 silly cache add   scope: null,
7 silly cache add   escapedName: null,
7 silly cache add   name: null,
7 silly cache add   rawSpec: '.',
7 silly cache add   spec: '/Users/khayll/git/jsonmix',
7 silly cache add   type: 'directory' }
8 verbose addLocalDirectory /Users/khayll/.npm/jsonmix/1.0.1/package.tgz not in flight; packing
9 verbose correctMkdir /Users/khayll/.npm correctMkdir not in flight; initializing
10 info lifecycle jsonmix@1.0.1~prepublish: jsonmix@1.0.1
11 verbose lifecycle jsonmix@1.0.1~prepublish: unsafe-perm in lifecycle true
12 verbose lifecycle jsonmix@1.0.1~prepublish: PATH: /usr/local/lib/node_modules/npm/bin/node-gyp-bin:/Users/khayll/git/jsonmix/node_modules/.bin:/usr/local/bin:/usr/local/bin:/usr/bin:/bin:/usr/sbin:/sbin
13 verbose lifecycle jsonmix@1.0.1~prepublish: CWD: /Users/khayll/git/jsonmix
14 silly lifecycle jsonmix@1.0.1~prepublish: Args: [ '-c', 'gulp build' ]
15 silly lifecycle jsonmix@1.0.1~prepublish: Returned: code: 0  signal: null
16 verbose tar pack [ '/Users/khayll/.npm/jsonmix/1.0.1/package.tgz',
16 verbose tar pack   '/Users/khayll/git/jsonmix' ]
17 verbose tarball /Users/khayll/.npm/jsonmix/1.0.1/package.tgz
18 verbose folder /Users/khayll/git/jsonmix
19 verbose addLocalTarball adding from inside cache /Users/khayll/.npm/jsonmix/1.0.1/package.tgz
20 verbose correctMkdir /Users/khayll/.npm correctMkdir not in flight; initializing
21 silly cache afterAdd jsonmix@1.0.1
22 verbose afterAdd /Users/khayll/.npm/jsonmix/1.0.1/package/package.json not in flight; writing
23 verbose correctMkdir /Users/khayll/.npm correctMkdir not in flight; initializing
24 verbose afterAdd /Users/khayll/.npm/jsonmix/1.0.1/package/package.json written
25 silly publish { name: 'jsonmix',
25 silly publish   version: '1.0.1',
25 silly publish   description: 'Easy to use deserialisation from JSON into JavaScript Objects complete with functions',
25 silly publish   main: 'jsonmix.js',
25 silly publish   scripts:
25 silly publish    { prepublish: 'gulp build',
25 silly publish      build: 'gulp build',
25 silly publish      test: 'gulp test' },
25 silly publish   repository:
25 silly publish    { type: 'git',
25 silly publish      url: 'git+https://github.com/khayll/jsonmix.git' },
25 silly publish   keywords: [ 'JavaScript', 'deserialise', 'model', 'json', 'mixin' ],
25 silly publish   author: { name: 'Balázs Korossy-Khayll' },
25 silly publish   license: 'MIT',
25 silly publish   bugs: { url: 'https://github.com/khayll/jsonmix/issues' },
25 silly publish   homepage: 'https://github.com/khayll/jsonmix#readme',
25 silly publish   devDependencies:
25 silly publish    { 'babel-preset-es2015': '^6.24.0',
25 silly publish      'babel-register': '^6.24.0',
25 silly publish      del: '^2.2.2',
25 silly publish      gulp: 'github:gulpjs/gulp#4.0',
25 silly publish      'gulp-cli': '^1.2.2',
25 silly publish      'gulp-jasmine': '^2.4.2',
25 silly publish      'gulp-rename': '^1.2.2',
25 silly publish      'gulp-typescript': '^3.1.6',
25 silly publish      'gulp-uglify': '^2.1.2',
25 silly publish      jasmine: '^2.5.3',
25 silly publish      typescript: '^2.2.1' },
25 silly publish   readme: 'JsonMix [![Build Status](https://travis-ci.org/khayll/jsonmix.svg?branch=master)](https://travis-ci.org/khayll/jsonmix)\n========\nJsonMix provides a kind of deserialisation from JSON into JavaScript Objects complete with functions.\n\n## How to use\nHere\'s how it works in real life. First of course you need to include JsonMix.\n\n    <script type="text/javascript" src="jsonmix.min.js"></script>\n\nUse or create your model on the client side:\n\n\tvar Employee = function() {\n\t}\n\t\n\tEmployee.prototype.getName = function() {\n\t\treturn this.firstName + \' \' + this.lastName;\n\t}\n\nThen if you have a REST service "getAnEmployee", that returns a JSON like this:\n\n\t{\n\t\t"epmloyee": {\n\t\t\t"firstName": "John",\n\t\t\t"lastName": "Doe",\n\t\t\t"salary": 100000,\n\t\t\t"age": 33\t\n\t\t}\n\t}\n\nyou could say in AngularJS (for example):\n\n\thttp.get("/getAnEmployee").then( function(result) {\n\t\tconsole.log(\n\t\t\tJsonMix(result).withObject(Employee, "employee").build().getName()\n\t\t);\n\t});\n\nWhich will then log "John Doe" for you.\n\n## Parameter explained\n\nA slightly more complex example would look like:\n\n\tvar result = JsonMix(data)\n\t\t.withObject(Employee, "employees")\n\t\t.withObject(Pet, "employees.pet")\n\t\t.build();\n\t\t\n\t//now result has every model class mixed in\n\tconsole.log(result.epmloyees[1].getName()); \n \n So the parameter to the JsonMix(data) call, data, could be a JSON string, or an object.\n The build() just returns the object with all classes mixed.\n The withObject(prototype, path) call is the one to define class mappings.\n Here "path" can be any chain of nested objects separated with a dot. For example in this case "epmloyees.pet".\n JsonMix will find out if an object is an array, and will recursively apply the remaining part of the path to every item in it.\n You can also use "*" in the path, and this will apply the remaining path to every item in the object (even if it\'s not an array).\n \n     //this recursively applies the same prototype 3 levels deep\n     JsonMix(data).withObject(Comparable, "*.*.*").build();\n     \n You can use playground.html as a tutorial, or just to play around with JsonMix.\n  \n ',
25 silly publish   readmeFilename: 'README.md',
25 silly publish   gitHead: '861ebeafb748bc89c2f0a3c87be78f6cbfcbe269',
25 silly publish   _id: 'jsonmix@1.0.1',
25 silly publish   _shasum: '1ccc8ae5642153fb571c62797a4c997fb2944f29',
25 silly publish   _from: '.' }
26 verbose getPublishConfig undefined
27 silly mapToRegistry name jsonmix
28 silly mapToRegistry using default registry
29 silly mapToRegistry registry https://registry.npmjs.org/
30 silly mapToRegistry data Result {
30 silly mapToRegistry   raw: 'jsonmix',
30 silly mapToRegistry   scope: null,
30 silly mapToRegistry   escapedName: 'jsonmix',
30 silly mapToRegistry   name: 'jsonmix',
30 silly mapToRegistry   rawSpec: '',
30 silly mapToRegistry   spec: 'latest',
30 silly mapToRegistry   type: 'tag' }
31 silly mapToRegistry uri https://registry.npmjs.org/jsonmix
32 verbose publish registryBase https://registry.npmjs.org/
33 silly publish uploading /Users/khayll/.npm/jsonmix/1.0.1/package.tgz
34 verbose request uri https://registry.npmjs.org/jsonmix
35 verbose request sending authorization for write operation
36 info attempt registry request try #1 at 6:10:29 PM
37 verbose request using bearer token for auth
38 verbose request id 800f21f9790c9dfe
39 http request PUT https://registry.npmjs.org/jsonmix
40 http 403 https://registry.npmjs.org/jsonmix
41 verbose headers { 'content-type': 'application/json',
41 verbose headers   'cache-control': 'max-age=300',
41 verbose headers   'content-length': '95',
41 verbose headers   'accept-ranges': 'bytes',
41 verbose headers   date: 'Sat, 15 Apr 2017 16:10:27 GMT',
41 verbose headers   via: '1.1 varnish',
41 verbose headers   connection: 'keep-alive',
41 verbose headers   'x-served-by': 'cache-fra1221-FRA',
41 verbose headers   'x-cache': 'MISS',
41 verbose headers   'x-cache-hits': '0',
41 verbose headers   'x-timer': 'S1492272627.597546,VS0,VE974',
41 verbose headers   vary: 'Accept-Encoding' }
42 verbose request invalidating /Users/khayll/.npm/registry.npmjs.org/jsonmix on PUT
43 error publish Failed PUT 403
44 verbose stack Error: "You cannot publish over the previously published version 1.0.1." : jsonmix
44 verbose stack     at makeError (/usr/local/lib/node_modules/npm/node_modules/npm-registry-client/lib/request.js:264:12)
44 verbose stack     at CachingRegistryClient.<anonymous> (/usr/local/lib/node_modules/npm/node_modules/npm-registry-client/lib/request.js:252:14)
44 verbose stack     at Request._callback (/usr/local/lib/node_modules/npm/node_modules/npm-registry-client/lib/request.js:172:14)
44 verbose stack     at Request.self.callback (/usr/local/lib/node_modules/npm/node_modules/request/request.js:200:22)
44 verbose stack     at emitTwo (events.js:106:13)
44 verbose stack     at Request.emit (events.js:191:7)
44 verbose stack     at Request.<anonymous> (/usr/local/lib/node_modules/npm/node_modules/request/request.js:1067:10)
44 verbose stack     at emitOne (events.js:101:20)
44 verbose stack     at Request.emit (events.js:188:7)
44 verbose stack     at IncomingMessage.<anonymous> (/usr/local/lib/node_modules/npm/node_modules/request/request.js:988:12)
45 verbose statusCode 403
46 verbose pkgid jsonmix
47 verbose cwd /Users/khayll/git/jsonmix
48 error Darwin 16.5.0
49 error argv "/usr/local/bin/node" "/usr/local/bin/npm" "publish"
50 error node v6.5.0
51 error npm  v3.10.3
52 error code E403
53 error "You cannot publish over the previously published version 1.0.1." : jsonmix
54 error If you need help, you may report this error at:
54 error     <https://github.com/npm/npm/issues>
55 verbose exit [ 1, true ]
